2025-05-18T00:03:58.094Z [info]: Commit Tag: $GIT_SHA 
2025-05-18T00:03:58.316Z [info]: Starting Overseerr version 1.34.0 
2025-05-18T00:03:58.915Z [info][Notifications]: Registered notification agents 
2025-05-18T00:03:58.927Z [info][Jobs]: Scheduled jobs loaded 
2025-05-18T00:03:58.930Z [info][Discover Slider]: Creating built-in discovery slider {"slider":{"type":1,"enabled":true,"isBuiltIn":true,"order":0}}
2025-05-18T00:03:58.938Z [info][Discover Slider]: Creating built-in discovery slider {"slider":{"type":2,"enabled":true,"isBuiltIn":true,"order":1}}
2025-05-18T00:03:58.942Z [info][Discover Slider]: Creating built-in discovery slider {"slider":{"type":3,"enabled":true,"isBuiltIn":true,"order":2}}
2025-05-18T00:03:58.945Z [info][Discover Slider]: Creating built-in discovery slider {"slider":{"type":4,"enabled":true,"isBuiltIn":true,"order":3}}
2025-05-18T00:03:58.949Z [info][Discover Slider]: Creating built-in discovery slider {"slider":{"type":5,"enabled":true,"isBuiltIn":true,"order":4}}
2025-05-18T00:03:58.953Z [info][Discover Slider]: Creating built-in discovery slider {"slider":{"type":6,"enabled":true,"isBuiltIn":true,"order":5}}
2025-05-18T00:03:58.956Z [info][Discover Slider]: Creating built-in discovery slider {"slider":{"type":7,"enabled":true,"isBuiltIn":true,"order":6}}
2025-05-18T00:03:58.959Z [info][Discover Slider]: Creating built-in discovery slider {"slider":{"type":8,"enabled":true,"isBuiltIn":true,"order":7}}
2025-05-18T00:03:58.962Z [info][Discover Slider]: Creating built-in discovery slider {"slider":{"type":9,"enabled":true,"isBuiltIn":true,"order":8}}
2025-05-18T00:03:58.965Z [info][Discover Slider]: Creating built-in discovery slider {"slider":{"type":10,"enabled":true,"isBuiltIn":true,"order":9}}
2025-05-18T00:03:58.968Z [info][Discover Slider]: Creating built-in discovery slider {"slider":{"type":11,"enabled":true,"isBuiltIn":true,"order":10}}
2025-05-18T00:03:58.971Z [info][Discover Slider]: Creating built-in discovery slider {"slider":{"type":12,"enabled":true,"isBuiltIn":true,"order":11}}
2025-05-18T00:03:59.054Z [info][Server]: Server ready on port 5055 
2025-05-18T00:04:00.002Z [debug][Jobs]: Starting scheduled job: Download Sync 
2025-05-18T00:05:00.007Z [debug][Jobs]: Starting scheduled job: Download Sync 
2025-05-18T00:05:00.011Z [info][Jobs]: Starting scheduled job: Plex Recently Added Scan 
2025-05-18T00:05:00.012Z [info][Plex Scan]: Scan starting {"sessionId":"f6370c9d-a1ac-4970-a1f8-5f32d6cdf4ce"}
2025-05-18T00:05:00.014Z [warn][Plex Scan]: No admin configured. Plex scan skipped. 
2025-05-18T00:06:00.007Z [debug][Jobs]: Starting scheduled job: Download Sync 
2025-05-18T00:06:00.010Z [info][Jobs]: Starting scheduled job: Plex Watchlist Sync 
2025-05-18T00:07:00.005Z [debug][Jobs]: Starting scheduled job: Download Sync 
2025-05-18T00:08:00.005Z [debug][Jobs]: Starting scheduled job: Download Sync 
2025-05-18T00:09:00.007Z [debug][Jobs]: Starting scheduled job: Download Sync 
2025-05-18T00:09:00.008Z [info][Jobs]: Starting scheduled job: Plex Watchlist Sync 
2025-05-18T00:10:00.004Z [debug][Jobs]: Starting scheduled job: Download Sync 
2025-05-18T00:10:00.006Z [info][Jobs]: Starting scheduled job: Plex Recently Added Scan 
2025-05-18T00:10:00.007Z [info][Plex Scan]: Scan starting {"sessionId":"5015de7d-679e-4c21-80eb-a3a9b951f500"}
2025-05-18T00:10:00.008Z [warn][Plex Scan]: No admin configured. Plex scan skipped. 
2025-05-18T00:11:00.005Z [debug][Jobs]: Starting scheduled job: Download Sync 
2025-05-18T00:12:00.002Z [debug][Jobs]: Starting scheduled job: Download Sync 
2025-05-18T00:12:00.004Z [info][Jobs]: Starting scheduled job: Plex Watchlist Sync 
2025-05-18T00:13:00.003Z [debug][Jobs]: Starting scheduled job: Download Sync 
2025-05-18T00:14:00.002Z [debug][Jobs]: Starting scheduled job: Download Sync 
2025-05-18T00:15:00.002Z [debug][Jobs]: Starting scheduled job: Download Sync 
2025-05-18T00:15:00.003Z [info][Jobs]: Starting scheduled job: Plex Watchlist Sync 
2025-05-18T00:15:00.004Z [info][Jobs]: Starting scheduled job: Plex Recently Added Scan 
2025-05-18T00:15:00.005Z [info][Plex Scan]: Scan starting {"sessionId":"6d0a9506-6cc4-4b19-8b3b-39683d6bfaa5"}
2025-05-18T00:15:00.006Z [warn][Plex Scan]: No admin configured. Plex scan skipped. 
2025-05-18T00:16:00.003Z [debug][Jobs]: Starting scheduled job: Download Sync 
2025-05-18T00:17:00.002Z [debug][Jobs]: Starting scheduled job: Download Sync 
2025-05-18T00:18:00.008Z [debug][Jobs]: Starting scheduled job: Download Sync 
2025-05-18T00:18:00.009Z [info][Jobs]: Starting scheduled job: Plex Watchlist Sync 
2025-05-18T00:19:00.005Z [debug][Jobs]: Starting scheduled job: Download Sync 
2025-05-18T00:20:00.006Z [debug][Jobs]: Starting scheduled job: Download Sync 
2025-05-18T00:20:00.007Z [info][Jobs]: Starting scheduled job: Plex Recently Added Scan 
2025-05-18T00:20:00.007Z [info][Plex Scan]: Scan starting {"sessionId":"f152588b-9c65-4c70-aa1d-874154840e25"}
2025-05-18T00:20:00.008Z [warn][Plex Scan]: No admin configured. Plex scan skipped. 
2025-05-18T00:21:00.005Z [debug][Jobs]: Starting scheduled job: Download Sync 
2025-05-18T00:21:00.007Z [info][Jobs]: Starting scheduled job: Plex Watchlist Sync 
2025-05-18T00:22:00.001Z [debug][Jobs]: Starting scheduled job: Download Sync 
2025-05-18T00:23:00.002Z [debug][Jobs]: Starting scheduled job: Download Sync 
2025-05-18T00:24:00.004Z [debug][Jobs]: Starting scheduled job: Download Sync 
2025-05-18T00:24:00.010Z [info][Jobs]: Starting scheduled job: Plex Watchlist Sync 
2025-05-18T00:25:00.003Z [debug][Jobs]: Starting scheduled job: Download Sync 
2025-05-18T00:25:00.004Z [info][Jobs]: Starting scheduled job: Plex Recently Added Scan 
2025-05-18T00:25:00.004Z [info][Plex Scan]: Scan starting {"sessionId":"b2f178bd-2973-4727-8e55-5dbdf7f6ee6e"}
2025-05-18T00:25:00.005Z [warn][Plex Scan]: No admin configured. Plex scan skipped. 
2025-05-18T00:26:00.006Z [debug][Jobs]: Starting scheduled job: Download Sync 
2025-05-18T00:27:00.008Z [debug][Jobs]: Starting scheduled job: Download Sync 
2025-05-18T00:27:00.009Z [info][Jobs]: Starting scheduled job: Plex Watchlist Sync 
2025-05-18T00:28:00.005Z [debug][Jobs]: Starting scheduled job: Download Sync 
2025-05-18T00:29:00.004Z [debug][Jobs]: Starting scheduled job: Download Sync 
